2025-03-12 21:59:37,163 [modloading-worker-2] WARN Treasure2 | TreasureIntegrations.java:43 | Unable to load Curios compatiblity class.
2025-03-12 21:59:58,795 [Server thread] INFO Treasure2 | WorldEventHandler.java:58 | In world load event
2025-03-12 21:59:58,799 [Server thread] INFO Treasure2 | WorldEventHandler.java:66 | In world load event for dimension minecraft:overworld
2025-03-12 21:59:58,806 [Server thread] INFO Treasure2 | ITreasureResourceRegistry.java:33 | reading resources file from stream.
2025-03-12 21:59:58,811 [Server thread] INFO Treasure2 | ITreasureResourceRegistry.java:54 | resources -> LootResources [supportingResources=[pools/combat/common, pools/combat/uncommon, pools/combat/scarce, pools/combat/rare, pools/combat/epic, pools/food/common, pools/food/uncommon, pools/food/scarce, pools/food/rare, pools/food/epic, pools/items/common, pools/items/uncommon, pools/items/scarce, pools/items/rare, pools/items/epic, pools/potions/common, pools/potions/uncommon, pools/potions/scarce, pools/potions/rare, pools/potions/epic, pools/tools/common, pools/tools/uncommon, pools/tools/scarce, pools/tools/rare, pools/treasure/common_adornments, pools/treasure/common_all, pools/treasure/common_charms, pools/treasure/common_treasure, pools/treasure/uncommon_adornments, pools/treasure/uncommon_all, pools/treasure/uncommon_charms, pools/treasure/uncommon_treasure, pools/treasure/scarce_adornments, pools/treasure/scarce_all, pools/treasure/scarce_charms, pools/treasure/scarce_treasure, pools/treasure/rare_adornments, pools/treasure/rare_all, pools/treasure/rare_charms, pools/treasure/rare_treasure, pools/treasure/epic_adornments, pools/treasure/epic_all, pools/treasure/epic_charms, pools/treasure/epic_treasure, pools/treasure/legendary_adornments, pools/treasure/legendary_all, pools/treasure/legendary_charms, pools/treasure/legendary_treasure, pools/treasure/mythical_adornments, pools/treasure/mythical_all, pools/treasure/mythical_charms, pools/treasure/mythical_treasure], chestResources=[chests/common/general_chest, chests/uncommon/general_chest, chests/scarce/general_chest, chests/rare/general_chest, chests/epic/general_chest, chests/legendary/general_chest, chests/mythical/general_chest], specialResources=[chests/special/black_pearl_well, chests/special/cauldron_chest, chests/special/crystal_skull_chest, chests/special/gold_skull_chest, chests/special/skull_chest, chests/special/white_pearl_well, chests/special/wither_chest], specialLootTableFolderLocations=[chests/special], chestLootTableFolderLocations=[chests/common, chests/uncommon, chests/scarce, chests/rare, chests/epic], supportingLootTableFolderLocatoins=[pools/armor, pools/food, pools/items, pools/potions, pools/tools, pools/treasure]]
2025-03-12 21:59:58,811 [Server thread] WARN Treasure2 | TreasureLootTableRegistry.java:138 | adding mod to loaded mods list
2025-03-12 21:59:58,812 [Server thread] WARN Treasure2 | TreasureLootTableMaster2.java:300 | expected to find loot table treasure2:chests/common/general_chest at ./world/datapacks/treasure2/data/treasure2/loot_tables/chests/common/general_chest but it doesn't exist.
2025-03-12 21:59:58,814 [Server thread] WARN Treasure2 | TreasureLootTableMaster2.java:300 | expected to find loot table treasure2:chests/uncommon/general_chest at ./world/datapacks/treasure2/data/treasure2/loot_tables/chests/uncommon/general_chest but it doesn't exist.
2025-03-12 21:59:58,815 [Server thread] WARN Treasure2 | TreasureLootTableMaster2.java:300 | expected to find loot table treasure2:chests/scarce/general_chest at ./world/datapacks/treasure2/data/treasure2/loot_tables/chests/scarce/general_chest but it doesn't exist.
2025-03-12 21:59:58,816 [Server thread] WARN Treasure2 | TreasureLootTableMaster2.java:300 | expected to find loot table treasure2:chests/rare/general_chest at ./world/datapacks/treasure2/data/treasure2/loot_tables/chests/rare/general_chest but it doesn't exist.
2025-03-12 21:59:58,816 [Server thread] WARN Treasure2 | TreasureLootTableMaster2.java:300 | expected to find loot table treasure2:chests/epic/general_chest at ./world/datapacks/treasure2/data/treasure2/loot_tables/chests/epic/general_chest but it doesn't exist.
2025-03-12 21:59:58,817 [Server thread] WARN Treasure2 | TreasureLootTableMaster2.java:300 | expected to find loot table treasure2:chests/legendary/general_chest at ./world/datapacks/treasure2/data/treasure2/loot_tables/chests/legendary/general_chest but it doesn't exist.
2025-03-12 21:59:58,817 [Server thread] WARN Treasure2 | TreasureLootTableMaster2.java:300 | expected to find loot table treasure2:chests/mythical/general_chest at ./world/datapacks/treasure2/data/treasure2/loot_tables/chests/mythical/general_chest but it doesn't exist.
2025-03-12 21:59:58,818 [Server thread] WARN Treasure2 | TreasureLootTableMaster2.java:300 | expected to find loot table treasure2:chests/special/black_pearl_well at ./world/datapacks/treasure2/data/treasure2/loot_tables/chests/special/black_pearl_well but it doesn't exist.
2025-03-12 21:59:58,819 [Server thread] WARN Treasure2 | TreasureLootTableMaster2.java:300 | expected to find loot table treasure2:chests/special/cauldron_chest at ./world/datapacks/treasure2/data/treasure2/loot_tables/chests/special/cauldron_chest but it doesn't exist.
2025-03-12 21:59:58,819 [Server thread] WARN Treasure2 | TreasureLootTableMaster2.java:300 | expected to find loot table treasure2:chests/special/crystal_skull_chest at ./world/datapacks/treasure2/data/treasure2/loot_tables/chests/special/crystal_skull_chest but it doesn't exist.
2025-03-12 21:59:58,820 [Server thread] WARN Treasure2 | TreasureLootTableMaster2.java:300 | expected to find loot table treasure2:chests/special/gold_skull_chest at ./world/datapacks/treasure2/data/treasure2/loot_tables/chests/special/gold_skull_chest but it doesn't exist.
2025-03-12 21:59:58,820 [Server thread] WARN Treasure2 | TreasureLootTableMaster2.java:300 | expected to find loot table treasure2:chests/special/skull_chest at ./world/datapacks/treasure2/data/treasure2/loot_tables/chests/special/skull_chest but it doesn't exist.
2025-03-12 21:59:58,821 [Server thread] WARN Treasure2 | TreasureLootTableMaster2.java:300 | expected to find loot table treasure2:chests/special/white_pearl_well at ./world/datapacks/treasure2/data/treasure2/loot_tables/chests/special/white_pearl_well but it doesn't exist.
2025-03-12 21:59:58,821 [Server thread] WARN Treasure2 | TreasureLootTableMaster2.java:300 | expected to find loot table treasure2:chests/special/wither_chest at ./world/datapacks/treasure2/data/treasure2/loot_tables/chests/special/wither_chest but it doesn't exist.
2025-03-12 21:59:58,822 [Server thread] INFO Treasure2 | ITreasureResourceRegistry.java:33 | reading resources file from stream.
2025-03-12 21:59:58,823 [Server thread] INFO Treasure2 | ITreasureResourceRegistry.java:54 | resources -> MetaResources [resources=[structures/basic1.json, structures/basic2.json, structures/basic3.json, structures/basic4.json, structures/basic5.json, structures/beached-ship1.json, structures/beached-ship2.json, structures/beached-ship3.json, structures/blacksmith1.json, structures/castle1.json, structures/cave1.json, structures/cave2.json, structures/church1.json, structures/cobb1.json, structures/crypt1.json, structures/crypt2.json, structures/crypt3.json, structures/desert-tower2.json, structures/dingy1.json, structures/fortress1.json, structures/house1.json, structures/ionic1.json, structures/iron-chamber1.json, structures/iron-chamber2.json, structures/large-tower1.json, structures/mine1.json, structures/obsidian-chamber1.json, structures/pirate-chamber1.json, structures/sunken-ship1.json, structures/sunken-ship2.json, structures/sunken-ship3.json, structures/tower1.json, structures/tower2.json, structures/tower3.json, structures/tower4.json, structures/tower5.json, structures/underwater-ruins1.json, structures/underwater-ruins2.json, structures/underwater-ruins3.json, structures/canopy-wishing-well1.json, structures/desert-wishing-well1.json, structures/desert-wishing-well2.json, structures/simple-well1.json, structures/wood-draw-wishing-well1.json], resourceFolderLocations=[chests, structures]]
2025-03-12 21:59:58,825 [Server thread] WARN Treasure2 | TreasureMetaManager.java:235 | expected to find meta treasure2:structures/basic1.json at ./world/datapacks/treasure2/data/treasure2/meta/structures/basic1.json but it doesn't exist.
2025-03-12 21:59:58,833 [Server thread] WARN Treasure2 | TreasureMetaManager.java:235 | expected to find meta treasure2:structures/basic2.json at ./world/datapacks/treasure2/data/treasure2/meta/structures/basic2.json but it doesn't exist.
2025-03-12 21:59:58,834 [Server thread] WARN Treasure2 | TreasureMetaManager.java:235 | expected to find meta treasure2:structures/basic3.json at ./world/datapacks/treasure2/data/treasure2/meta/structures/basic3.json but it doesn't exist.
2025-03-12 21:59:58,834 [Server thread] WARN Treasure2 | TreasureMetaManager.java:235 | expected to find meta treasure2:structures/basic4.json at ./world/datapacks/treasure2/data/treasure2/meta/structures/basic4.json but it doesn't exist.
2025-03-12 21:59:58,834 [Server thread] WARN Treasure2 | TreasureMetaManager.java:235 | expected to find meta treasure2:structures/basic5.json at ./world/datapacks/treasure2/data/treasure2/meta/structures/basic5.json but it doesn't exist.
2025-03-12 21:59:58,835 [Server thread] WARN Treasure2 | TreasureMetaManager.java:235 | expected to find meta treasure2:structures/beached-ship1.json at ./world/datapacks/treasure2/data/treasure2/meta/structures/beached-ship1.json but it doesn't exist.
2025-03-12 21:59:58,835 [Server thread] WARN Treasure2 | TreasureMetaManager.java:235 | expected to find meta treasure2:structures/beached-ship2.json at ./world/datapacks/treasure2/data/treasure2/meta/structures/beached-ship2.json but it doesn't exist.
2025-03-12 21:59:58,836 [Server thread] WARN Treasure2 | TreasureMetaManager.java:235 | expected to find meta treasure2:structures/beached-ship3.json at ./world/datapacks/treasure2/data/treasure2/meta/structures/beached-ship3.json but it doesn't exist.
2025-03-12 21:59:58,836 [Server thread] WARN Treasure2 | TreasureMetaManager.java:235 | expected to find meta treasure2:structures/blacksmith1.json at ./world/datapacks/treasure2/data/treasure2/meta/structures/blacksmith1.json but it doesn't exist.
2025-03-12 21:59:58,836 [Server thread] WARN Treasure2 | TreasureMetaManager.java:235 | expected to find meta treasure2:structures/castle1.json at ./world/datapacks/treasure2/data/treasure2/meta/structures/castle1.json but it doesn't exist.
2025-03-12 21:59:58,837 [Server thread] WARN Treasure2 | TreasureMetaManager.java:235 | expected to find meta treasure2:structures/cave1.json at ./world/datapacks/treasure2/data/treasure2/meta/structures/cave1.json but it doesn't exist.
2025-03-12 21:59:58,837 [Server thread] WARN Treasure2 | TreasureMetaManager.java:235 | expected to find meta treasure2:structures/cave2.json at ./world/datapacks/treasure2/data/treasure2/meta/structures/cave2.json but it doesn't exist.
2025-03-12 21:59:58,837 [Server thread] WARN Treasure2 | TreasureMetaManager.java:235 | expected to find meta treasure2:structures/church1.json at ./world/datapacks/treasure2/data/treasure2/meta/structures/church1.json but it doesn't exist.
2025-03-12 21:59:58,838 [Server thread] WARN Treasure2 | TreasureMetaManager.java:235 | expected to find meta treasure2:structures/cobb1.json at ./world/datapacks/treasure2/data/treasure2/meta/structures/cobb1.json but it doesn't exist.
2025-03-12 21:59:58,838 [Server thread] WARN Treasure2 | TreasureMetaManager.java:235 | expected to find meta treasure2:structures/crypt1.json at ./world/datapacks/treasure2/data/treasure2/meta/structures/crypt1.json but it doesn't exist.
2025-03-12 21:59:58,838 [Server thread] WARN Treasure2 | TreasureMetaManager.java:235 | expected to find meta treasure2:structures/crypt2.json at ./world/datapacks/treasure2/data/treasure2/meta/structures/crypt2.json but it doesn't exist.
2025-03-12 21:59:58,839 [Server thread] WARN Treasure2 | TreasureMetaManager.java:235 | expected to find meta treasure2:structures/crypt3.json at ./world/datapacks/treasure2/data/treasure2/meta/structures/crypt3.json but it doesn't exist.
2025-03-12 21:59:58,839 [Server thread] WARN Treasure2 | TreasureMetaManager.java:235 | expected to find meta treasure2:structures/desert-tower2.json at ./world/datapacks/treasure2/data/treasure2/meta/structures/desert-tower2.json but it doesn't exist.
2025-03-12 21:59:58,840 [Server thread] WARN Treasure2 | TreasureMetaManager.java:235 | expected to find meta treasure2:structures/dingy1.json at ./world/datapacks/treasure2/data/treasure2/meta/structures/dingy1.json but it doesn't exist.
2025-03-12 21:59:58,840 [Server thread] WARN Treasure2 | TreasureMetaManager.java:235 | expected to find meta treasure2:structures/fortress1.json at ./world/datapacks/treasure2/data/treasure2/meta/structures/fortress1.json but it doesn't exist.
2025-03-12 21:59:58,840 [Server thread] WARN Treasure2 | TreasureMetaManager.java:235 | expected to find meta treasure2:structures/house1.json at ./world/datapacks/treasure2/data/treasure2/meta/structures/house1.json but it doesn't exist.
2025-03-12 21:59:58,841 [Server thread] WARN Treasure2 | TreasureMetaManager.java:235 | expected to find meta treasure2:structures/ionic1.json at ./world/datapacks/treasure2/data/treasure2/meta/structures/ionic1.json but it doesn't exist.
2025-03-12 21:59:58,841 [Server thread] WARN Treasure2 | TreasureMetaManager.java:235 | expected to find meta treasure2:structures/iron-chamber1.json at ./world/datapacks/treasure2/data/treasure2/meta/structures/iron-chamber1.json but it doesn't exist.
2025-03-12 21:59:58,841 [Server thread] WARN Treasure2 | TreasureMetaManager.java:235 | expected to find meta treasure2:structures/iron-chamber2.json at ./world/datapacks/treasure2/data/treasure2/meta/structures/iron-chamber2.json but it doesn't exist.
2025-03-12 21:59:58,842 [Server thread] WARN Treasure2 | TreasureMetaManager.java:235 | expected to find meta treasure2:structures/large-tower1.json at ./world/datapacks/treasure2/data/treasure2/meta/structures/large-tower1.json but it doesn't exist.
2025-03-12 21:59:58,842 [Server thread] WARN Treasure2 | TreasureMetaManager.java:235 | expected to find meta treasure2:structures/mine1.json at ./world/datapacks/treasure2/data/treasure2/meta/structures/mine1.json but it doesn't exist.
2025-03-12 21:59:58,842 [Server thread] WARN Treasure2 | TreasureMetaManager.java:235 | expected to find meta treasure2:structures/obsidian-chamber1.json at ./world/datapacks/treasure2/data/treasure2/meta/structures/obsidian-chamber1.json but it doesn't exist.
2025-03-12 21:59:58,843 [Server thread] WARN Treasure2 | TreasureMetaManager.java:235 | expected to find meta treasure2:structures/pirate-chamber1.json at ./world/datapacks/treasure2/data/treasure2/meta/structures/pirate-chamber1.json but it doesn't exist.
2025-03-12 21:59:58,845 [Server thread] WARN Treasure2 | TreasureMetaManager.java:235 | expected to find meta treasure2:structures/sunken-ship1.json at ./world/datapacks/treasure2/data/treasure2/meta/structures/sunken-ship1.json but it doesn't exist.
2025-03-12 21:59:58,845 [Server thread] WARN Treasure2 | TreasureMetaManager.java:235 | expected to find meta treasure2:structures/sunken-ship2.json at ./world/datapacks/treasure2/data/treasure2/meta/structures/sunken-ship2.json but it doesn't exist.
2025-03-12 21:59:58,846 [Server thread] WARN Treasure2 | TreasureMetaManager.java:235 | expected to find meta treasure2:structures/sunken-ship3.json at ./world/datapacks/treasure2/data/treasure2/meta/structures/sunken-ship3.json but it doesn't exist.
2025-03-12 21:59:58,846 [Server thread] WARN Treasure2 | TreasureMetaManager.java:235 | expected to find meta treasure2:structures/tower1.json at ./world/datapacks/treasure2/data/treasure2/meta/structures/tower1.json but it doesn't exist.
2025-03-12 21:59:58,846 [Server thread] WARN Treasure2 | TreasureMetaManager.java:235 | expected to find meta treasure2:structures/tower2.json at ./world/datapacks/treasure2/data/treasure2/meta/structures/tower2.json but it doesn't exist.
2025-03-12 21:59:58,847 [Server thread] WARN Treasure2 | TreasureMetaManager.java:235 | expected to find meta treasure2:structures/tower3.json at ./world/datapacks/treasure2/data/treasure2/meta/structures/tower3.json but it doesn't exist.
2025-03-12 21:59:58,847 [Server thread] WARN Treasure2 | TreasureMetaManager.java:235 | expected to find meta treasure2:structures/tower4.json at ./world/datapacks/treasure2/data/treasure2/meta/structures/tower4.json but it doesn't exist.
2025-03-12 21:59:58,847 [Server thread] WARN Treasure2 | TreasureMetaManager.java:235 | expected to find meta treasure2:structures/tower5.json at ./world/datapacks/treasure2/data/treasure2/meta/structures/tower5.json but it doesn't exist.
2025-03-12 21:59:58,848 [Server thread] WARN Treasure2 | TreasureMetaManager.java:235 | expected to find meta treasure2:structures/underwater-ruins1.json at ./world/datapacks/treasure2/data/treasure2/meta/structures/underwater-ruins1.json but it doesn't exist.
2025-03-12 21:59:58,848 [Server thread] WARN Treasure2 | TreasureMetaManager.java:235 | expected to find meta treasure2:structures/underwater-ruins2.json at ./world/datapacks/treasure2/data/treasure2/meta/structures/underwater-ruins2.json but it doesn't exist.
2025-03-12 21:59:58,848 [Server thread] WARN Treasure2 | TreasureMetaManager.java:235 | expected to find meta treasure2:structures/underwater-ruins3.json at ./world/datapacks/treasure2/data/treasure2/meta/structures/underwater-ruins3.json but it doesn't exist.
2025-03-12 21:59:58,848 [Server thread] WARN Treasure2 | TreasureMetaManager.java:235 | expected to find meta treasure2:structures/canopy-wishing-well1.json at ./world/datapacks/treasure2/data/treasure2/meta/structures/canopy-wishing-well1.json but it doesn't exist.
2025-03-12 21:59:58,849 [Server thread] WARN Treasure2 | TreasureMetaManager.java:235 | expected to find meta treasure2:structures/desert-wishing-well1.json at ./world/datapacks/treasure2/data/treasure2/meta/structures/desert-wishing-well1.json but it doesn't exist.
2025-03-12 21:59:58,849 [Server thread] WARN Treasure2 | TreasureMetaManager.java:235 | expected to find meta treasure2:structures/desert-wishing-well2.json at ./world/datapacks/treasure2/data/treasure2/meta/structures/desert-wishing-well2.json but it doesn't exist.
2025-03-12 21:59:58,849 [Server thread] WARN Treasure2 | TreasureMetaManager.java:235 | expected to find meta treasure2:structures/simple-well1.json at ./world/datapacks/treasure2/data/treasure2/meta/structures/simple-well1.json but it doesn't exist.
2025-03-12 21:59:58,850 [Server thread] WARN Treasure2 | TreasureMetaManager.java:235 | expected to find meta treasure2:structures/wood-draw-wishing-well1.json at ./world/datapacks/treasure2/data/treasure2/meta/structures/wood-draw-wishing-well1.json but it doesn't exist.
2025-03-12 21:59:58,851 [Server thread] INFO Treasure2 | ITreasureResourceRegistry.java:33 | reading resources file from stream.
2025-03-12 21:59:58,853 [Server thread] INFO Treasure2 | ITreasureResourceRegistry.java:54 | resources -> MetaResources [resources=[submerged/dingy1.nbt, submerged/sunken-ship1.nbt, submerged/sunken-ship2.nbt, submerged/sunken-ship3.nbt, submerged/underwater-ruins1.nbt, submerged/underwater-ruins2.nbt, submerged/underwater-ruins3.nbt, subterranean/basic1.nbt, subterranean/basic2.nbt, subterranean/basic3.nbt, subterranean/basic4.nbt, subterranean/basic5.nbt, subterranean/cave1.nbt, subterranean/cave2.nbt, subterranean/cobb1.nbt, subterranean/crypt1.nbt, subterranean/ionic1.nbt, subterranean/iron-chamber1.nbt, subterranean/iron-chamber2.nbt, subterranean/mine1.nbt, subterranean/obsidian-chamber1.nbt, subterranean/pirate-chamber1.nbt, surface/beached-ship1.nbt, surface/beached-ship2.nbt, surface/beached-ship3.nbt, surface/blacksmith1.nbt, surface/castle1.nbt, surface/church1.nbt, surface/crypt2.nbt, surface/crypt3.nbt, surface/desert-tower2.nbt, surface/fortress1.nbt, surface/house1.nbt, surface/large-tower1.nbt, surface/tower1.nbt, surface/tower2.nbt, surface/tower3.nbt, surface/tower4.nbt, surface/tower5.nbt, wells/canopy-wishing-well1.nbt, wells/desert-wishing-well1.nbt, wells/desert-wishing-well2.nbt, wells/simple-well1.nbt, wells/wood-draw-wishing-well1.nbt], resourceFolderLocations=[submerged, subterranean, surface, wells]]
2025-03-12 22:00:02,329 [Server thread] INFO Treasure2 | WorldEventHandler.java:58 | In world load event
2025-03-12 22:00:02,329 [Server thread] INFO Treasure2 | WorldEventHandler.java:66 | In world load event for dimension minecraft:the_nether
2025-03-12 22:00:02,350 [Server thread] INFO Treasure2 | WorldEventHandler.java:58 | In world load event
2025-03-12 22:00:02,350 [Server thread] INFO Treasure2 | WorldEventHandler.java:66 | In world load event for dimension minecraft:the_end
2025-03-12 22:00:11,348 [Worker-Main-6] INFO Treasure2 | AbstractChestBlock.java:159 | AbstractChestBlock | createNewTileEntity | lockStates -> [LockState [slot=LockSlot [index=0, face=NORTH, xOffset=0.5, yOffset=0.95, zOffset=0.3, rotation=0.0], lockItem=null], LockState [slot=LockSlot [index=1, face=NORTH, xOffset=0.5, yOffset=0.95, zOffset=0.7, rotation=0.0], lockItem=null]]
2025-03-12 22:00:11,349 [Worker-Main-6] INFO Treasure2 | AbstractChestBlock.java:164 | AbstractChestBlock | createNewTileEntity | tileEntity -> mod.gottsch.forge.treasure2.core.tileentity.CardboardBoxTileEntity@15b49582 @ BlockPos{x=0, y=0, z=0}
2025-03-12 22:00:11,357 [Worker-Main-6] INFO Treasure2 | SurfaceChestFeature.java:269 | CHEATER! COMMON chest at coords: 407 64 -41
2025-03-12 22:00:11,375 [Worker-Main-6] INFO Treasure2 | AbstractChestBlock.java:159 | AbstractChestBlock | createNewTileEntity | lockStates -> [LockState [slot=LockSlot [index=0, face=NORTH, xOffset=0.5, yOffset=0.55, zOffset=0.17, rotation=0.0], lockItem=null]]
2025-03-12 22:00:11,376 [Worker-Main-6] INFO Treasure2 | AbstractChestBlock.java:164 | AbstractChestBlock | createNewTileEntity | tileEntity -> mod.gottsch.forge.treasure2.core.tileentity.VikingChestTileEntity@2305f8c2 @ BlockPos{x=0, y=0, z=0}
2025-03-12 22:00:11,384 [Worker-Main-6] INFO Treasure2 | SurfaceChestFeature.java:269 | CHEATER! UNCOMMON chest at coords: 87 65 -361
2025-03-12 22:00:11,775 [Worker-Main-4] INFO Treasure2 | AbstractChestBlock.java:159 | AbstractChestBlock | createNewTileEntity | lockStates -> [LockState [slot=LockSlot [index=0, face=NORTH, xOffset=0.5, yOffset=0.95, zOffset=0.3, rotation=0.0], lockItem=null], LockState [slot=LockSlot [index=1, face=NORTH, xOffset=0.5, yOffset=0.95, zOffset=0.7, rotation=0.0], lockItem=null]]
2025-03-12 22:00:11,776 [Worker-Main-4] INFO Treasure2 | AbstractChestBlock.java:164 | AbstractChestBlock | createNewTileEntity | tileEntity -> mod.gottsch.forge.treasure2.core.tileentity.CauldronChestTileEntity@4f1587cf @ BlockPos{x=0, y=0, z=0}
2025-03-12 22:00:11,778 [Worker-Main-4] INFO Treasure2 | SurfaceChestFeature.java:269 | CHEATER! EPIC chest at coords: 295 64 -361
2025-03-12 22:03:44,543 [modloading-worker-3] WARN Treasure2 | TreasureIntegrations.java:43 | Unable to load Curios compatiblity class.
2025-03-12 22:04:06,967 [Server thread] INFO Treasure2 | WorldEventHandler.java:58 | In world load event
2025-03-12 22:04:06,976 [Server thread] INFO Treasure2 | WorldEventHandler.java:66 | In world load event for dimension minecraft:overworld
2025-03-12 22:04:06,981 [Server thread] INFO Treasure2 | ITreasureResourceRegistry.java:33 | reading resources file from stream.
2025-03-12 22:04:06,989 [Server thread] INFO Treasure2 | ITreasureResourceRegistry.java:54 | resources -> LootResources [supportingResources=[pools/combat/common, pools/combat/uncommon, pools/combat/scarce, pools/combat/rare, pools/combat/epic, pools/food/common, pools/food/uncommon, pools/food/scarce, pools/food/rare, pools/food/epic, pools/items/common, pools/items/uncommon, pools/items/scarce, pools/items/rare, pools/items/epic, pools/potions/common, pools/potions/uncommon, pools/potions/scarce, pools/potions/rare, pools/potions/epic, pools/tools/common, pools/tools/uncommon, pools/tools/scarce, pools/tools/rare, pools/treasure/common_adornments, pools/treasure/common_all, pools/treasure/common_charms, pools/treasure/common_treasure, pools/treasure/uncommon_adornments, pools/treasure/uncommon_all, pools/treasure/uncommon_charms, pools/treasure/uncommon_treasure, pools/treasure/scarce_adornments, pools/treasure/scarce_all, pools/treasure/scarce_charms, pools/treasure/scarce_treasure, pools/treasure/rare_adornments, pools/treasure/rare_all, pools/treasure/rare_charms, pools/treasure/rare_treasure, pools/treasure/epic_adornments, pools/treasure/epic_all, pools/treasure/epic_charms, pools/treasure/epic_treasure, pools/treasure/legendary_adornments, pools/treasure/legendary_all, pools/treasure/legendary_charms, pools/treasure/legendary_treasure, pools/treasure/mythical_adornments, pools/treasure/mythical_all, pools/treasure/mythical_charms, pools/treasure/mythical_treasure], chestResources=[chests/common/general_chest, chests/uncommon/general_chest, chests/scarce/general_chest, chests/rare/general_chest, chests/epic/general_chest, chests/legendary/general_chest, chests/mythical/general_chest], specialResources=[chests/special/black_pearl_well, chests/special/cauldron_chest, chests/special/crystal_skull_chest, chests/special/gold_skull_chest, chests/special/skull_chest, chests/special/white_pearl_well, chests/special/wither_chest], specialLootTableFolderLocations=[chests/special], chestLootTableFolderLocations=[chests/common, chests/uncommon, chests/scarce, chests/rare, chests/epic], supportingLootTableFolderLocatoins=[pools/armor, pools/food, pools/items, pools/potions, pools/tools, pools/treasure]]
2025-03-12 22:04:06,992 [Server thread] WARN Treasure2 | TreasureLootTableRegistry.java:138 | adding mod to loaded mods list
2025-03-12 22:04:06,993 [Server thread] WARN Treasure2 | TreasureLootTableMaster2.java:300 | expected to find loot table treasure2:chests/common/general_chest at ./world/datapacks/treasure2/data/treasure2/loot_tables/chests/common/general_chest but it doesn't exist.
2025-03-12 22:04:06,996 [Server thread] WARN Treasure2 | TreasureLootTableMaster2.java:300 | expected to find loot table treasure2:chests/uncommon/general_chest at ./world/datapacks/treasure2/data/treasure2/loot_tables/chests/uncommon/general_chest but it doesn't exist.
2025-03-12 22:04:06,999 [Server thread] WARN Treasure2 | TreasureLootTableMaster2.java:300 | expected to find loot table treasure2:chests/scarce/general_chest at ./world/datapacks/treasure2/data/treasure2/loot_tables/chests/scarce/general_chest but it doesn't exist.
2025-03-12 22:04:07,000 [Server thread] WARN Treasure2 | TreasureLootTableMaster2.java:300 | expected to find loot table treasure2:chests/rare/general_chest at ./world/datapacks/treasure2/data/treasure2/loot_tables/chests/rare/general_chest but it doesn't exist.
2025-03-12 22:04:07,004 [Server thread] WARN Treasure2 | TreasureLootTableMaster2.java:300 | expected to find loot table treasure2:chests/epic/general_chest at ./world/datapacks/treasure2/data/treasure2/loot_tables/chests/epic/general_chest but it doesn't exist.
2025-03-12 22:04:07,004 [Server thread] WARN Treasure2 | TreasureLootTableMaster2.java:300 | expected to find loot table treasure2:chests/legendary/general_chest at ./world/datapacks/treasure2/data/treasure2/loot_tables/chests/legendary/general_chest but it doesn't exist.
2025-03-12 22:04:07,005 [Server thread] WARN Treasure2 | TreasureLootTableMaster2.java:300 | expected to find loot table treasure2:chests/mythical/general_chest at ./world/datapacks/treasure2/data/treasure2/loot_tables/chests/mythical/general_chest but it doesn't exist.
2025-03-12 22:04:07,005 [Server thread] WARN Treasure2 | TreasureLootTableMaster2.java:300 | expected to find loot table treasure2:chests/special/black_pearl_well at ./world/datapacks/treasure2/data/treasure2/loot_tables/chests/special/black_pearl_well but it doesn't exist.
2025-03-12 22:04:07,009 [Server thread] WARN Treasure2 | TreasureLootTableMaster2.java:300 | expected to find loot table treasure2:chests/special/cauldron_chest at ./world/datapacks/treasure2/data/treasure2/loot_tables/chests/special/cauldron_chest but it doesn't exist.
2025-03-12 22:04:07,010 [Server thread] WARN Treasure2 | TreasureLootTableMaster2.java:300 | expected to find loot table treasure2:chests/special/crystal_skull_chest at ./world/datapacks/treasure2/data/treasure2/loot_tables/chests/special/crystal_skull_chest but it doesn't exist.
2025-03-12 22:04:07,010 [Server thread] WARN Treasure2 | TreasureLootTableMaster2.java:300 | expected to find loot table treasure2:chests/special/gold_skull_chest at ./world/datapacks/treasure2/data/treasure2/loot_tables/chests/special/gold_skull_chest but it doesn't exist.
2025-03-12 22:04:07,011 [Server thread] WARN Treasure2 | TreasureLootTableMaster2.java:300 | expected to find loot table treasure2:chests/special/skull_chest at ./world/datapacks/treasure2/data/treasure2/loot_tables/chests/special/skull_chest but it doesn't exist.
2025-03-12 22:04:07,013 [Server thread] WARN Treasure2 | TreasureLootTableMaster2.java:300 | expected to find loot table treasure2:chests/special/white_pearl_well at ./world/datapacks/treasure2/data/treasure2/loot_tables/chests/special/white_pearl_well but it doesn't exist.
2025-03-12 22:04:07,014 [Server thread] WARN Treasure2 | TreasureLootTableMaster2.java:300 | expected to find loot table treasure2:chests/special/wither_chest at ./world/datapacks/treasure2/data/treasure2/loot_tables/chests/special/wither_chest but it doesn't exist.
2025-03-12 22:04:07,015 [Server thread] INFO Treasure2 | ITreasureResourceRegistry.java:33 | reading resources file from stream.
2025-03-12 22:04:07,019 [Server thread] INFO Treasure2 | ITreasureResourceRegistry.java:54 | resources -> MetaResources [resources=[structures/basic1.json, structures/basic2.json, structures/basic3.json, structures/basic4.json, structures/basic5.json, structures/beached-ship1.json, structures/beached-ship2.json, structures/beached-ship3.json, structures/blacksmith1.json, structures/castle1.json, structures/cave1.json, structures/cave2.json, structures/church1.json, structures/cobb1.json, structures/crypt1.json, structures/crypt2.json, structures/crypt3.json, structures/desert-tower2.json, structures/dingy1.json, structures/fortress1.json, structures/house1.json, structures/ionic1.json, structures/iron-chamber1.json, structures/iron-chamber2.json, structures/large-tower1.json, structures/mine1.json, structures/obsidian-chamber1.json, structures/pirate-chamber1.json, structures/sunken-ship1.json, structures/sunken-ship2.json, structures/sunken-ship3.json, structures/tower1.json, structures/tower2.json, structures/tower3.json, structures/tower4.json, structures/tower5.json, structures/underwater-ruins1.json, structures/underwater-ruins2.json, structures/underwater-ruins3.json, structures/canopy-wishing-well1.json, structures/desert-wishing-well1.json, structures/desert-wishing-well2.json, structures/simple-well1.json, structures/wood-draw-wishing-well1.json], resourceFolderLocations=[chests, structures]]
2025-03-12 22:04:07,020 [Server thread] WARN Treasure2 | TreasureMetaManager.java:235 | expected to find meta treasure2:structures/basic1.json at ./world/datapacks/treasure2/data/treasure2/meta/structures/basic1.json but it doesn't exist.
2025-03-12 22:04:07,026 [Server thread] WARN Treasure2 | TreasureMetaManager.java:235 | expected to find meta treasure2:structures/basic2.json at ./world/datapacks/treasure2/data/treasure2/meta/structures/basic2.json but it doesn't exist.
2025-03-12 22:04:07,027 [Server thread] WARN Treasure2 | TreasureMetaManager.java:235 | expected to find meta treasure2:structures/basic3.json at ./world/datapacks/treasure2/data/treasure2/meta/structures/basic3.json but it doesn't exist.
2025-03-12 22:04:07,029 [Server thread] WARN Treasure2 | TreasureMetaManager.java:235 | expected to find meta treasure2:structures/basic4.json at ./world/datapacks/treasure2/data/treasure2/meta/structures/basic4.json but it doesn't exist.
2025-03-12 22:04:07,030 [Server thread] WARN Treasure2 | TreasureMetaManager.java:235 | expected to find meta treasure2:structures/basic5.json at ./world/datapacks/treasure2/data/treasure2/meta/structures/basic5.json but it doesn't exist.
2025-03-12 22:04:07,030 [Server thread] WARN Treasure2 | TreasureMetaManager.java:235 | expected to find meta treasure2:structures/beached-ship1.json at ./world/datapacks/treasure2/data/treasure2/meta/structures/beached-ship1.json but it doesn't exist.
2025-03-12 22:04:07,031 [Server thread] WARN Treasure2 | TreasureMetaManager.java:235 | expected to find meta treasure2:structures/beached-ship2.json at ./world/datapacks/treasure2/data/treasure2/meta/structures/beached-ship2.json but it doesn't exist.
2025-03-12 22:04:07,031 [Server thread] WARN Treasure2 | TreasureMetaManager.java:235 | expected to find meta treasure2:structures/beached-ship3.json at ./world/datapacks/treasure2/data/treasure2/meta/structures/beached-ship3.json but it doesn't exist.
2025-03-12 22:04:07,031 [Server thread] WARN Treasure2 | TreasureMetaManager.java:235 | expected to find meta treasure2:structures/blacksmith1.json at ./world/datapacks/treasure2/data/treasure2/meta/structures/blacksmith1.json but it doesn't exist.
2025-03-12 22:04:07,034 [Server thread] WARN Treasure2 | TreasureMetaManager.java:235 | expected to find meta treasure2:structures/castle1.json at ./world/datapacks/treasure2/data/treasure2/meta/structures/castle1.json but it doesn't exist.
2025-03-12 22:04:07,035 [Server thread] WARN Treasure2 | TreasureMetaManager.java:235 | expected to find meta treasure2:structures/cave1.json at ./world/datapacks/treasure2/data/treasure2/meta/structures/cave1.json but it doesn't exist.
2025-03-12 22:04:07,035 [Server thread] WARN Treasure2 | TreasureMetaManager.java:235 | expected to find meta treasure2:structures/cave2.json at ./world/datapacks/treasure2/data/treasure2/meta/structures/cave2.json but it doesn't exist.
2025-03-12 22:04:07,035 [Server thread] WARN Treasure2 | TreasureMetaManager.java:235 | expected to find meta treasure2:structures/church1.json at ./world/datapacks/treasure2/data/treasure2/meta/structures/church1.json but it doesn't exist.
2025-03-12 22:04:07,036 [Server thread] WARN Treasure2 | TreasureMetaManager.java:235 | expected to find meta treasure2:structures/cobb1.json at ./world/datapacks/treasure2/data/treasure2/meta/structures/cobb1.json but it doesn't exist.
2025-03-12 22:04:07,036 [Server thread] WARN Treasure2 | TreasureMetaManager.java:235 | expected to find meta treasure2:structures/crypt1.json at ./world/datapacks/treasure2/data/treasure2/meta/structures/crypt1.json but it doesn't exist.
2025-03-12 22:04:07,036 [Server thread] WARN Treasure2 | TreasureMetaManager.java:235 | expected to find meta treasure2:structures/crypt2.json at ./world/datapacks/treasure2/data/treasure2/meta/structures/crypt2.json but it doesn't exist.
2025-03-12 22:04:07,037 [Server thread] WARN Treasure2 | TreasureMetaManager.java:235 | expected to find meta treasure2:structures/crypt3.json at ./world/datapacks/treasure2/data/treasure2/meta/structures/crypt3.json but it doesn't exist.
2025-03-12 22:04:07,040 [Server thread] WARN Treasure2 | TreasureMetaManager.java:235 | expected to find meta treasure2:structures/desert-tower2.json at ./world/datapacks/treasure2/data/treasure2/meta/structures/desert-tower2.json but it doesn't exist.
2025-03-12 22:04:07,041 [Server thread] WARN Treasure2 | TreasureMetaManager.java:235 | expected to find meta treasure2:structures/dingy1.json at ./world/datapacks/treasure2/data/treasure2/meta/structures/dingy1.json but it doesn't exist.
2025-03-12 22:04:07,041 [Server thread] WARN Treasure2 | TreasureMetaManager.java:235 | expected to find meta treasure2:structures/fortress1.json at ./world/datapacks/treasure2/data/treasure2/meta/structures/fortress1.json but it doesn't exist.
2025-03-12 22:04:07,041 [Server thread] WARN Treasure2 | TreasureMetaManager.java:235 | expected to find meta treasure2:structures/house1.json at ./world/datapacks/treasure2/data/treasure2/meta/structures/house1.json but it doesn't exist.
2025-03-12 22:04:07,042 [Server thread] WARN Treasure2 | TreasureMetaManager.java:235 | expected to find meta treasure2:structures/ionic1.json at ./world/datapacks/treasure2/data/treasure2/meta/structures/ionic1.json but it doesn't exist.
2025-03-12 22:04:07,042 [Server thread] WARN Treasure2 | TreasureMetaManager.java:235 | expected to find meta treasure2:structures/iron-chamber1.json at ./world/datapacks/treasure2/data/treasure2/meta/structures/iron-chamber1.json but it doesn't exist.
2025-03-12 22:04:07,042 [Server thread] WARN Treasure2 | TreasureMetaManager.java:235 | expected to find meta treasure2:structures/iron-chamber2.json at ./world/datapacks/treasure2/data/treasure2/meta/structures/iron-chamber2.json but it doesn't exist.
2025-03-12 22:04:07,043 [Server thread] WARN Treasure2 | TreasureMetaManager.java:235 | expected to find meta treasure2:structures/large-tower1.json at ./world/datapacks/treasure2/data/treasure2/meta/structures/large-tower1.json but it doesn't exist.
2025-03-12 22:04:07,043 [Server thread] WARN Treasure2 | TreasureMetaManager.java:235 | expected to find meta treasure2:structures/mine1.json at ./world/datapacks/treasure2/data/treasure2/meta/structures/mine1.json but it doesn't exist.
2025-03-12 22:04:07,043 [Server thread] WARN Treasure2 | TreasureMetaManager.java:235 | expected to find meta treasure2:structures/obsidian-chamber1.json at ./world/datapacks/treasure2/data/treasure2/meta/structures/obsidian-chamber1.json but it doesn't exist.
2025-03-12 22:04:07,046 [Server thread] WARN Treasure2 | TreasureMetaManager.java:235 | expected to find meta treasure2:structures/pirate-chamber1.json at ./world/datapacks/treasure2/data/treasure2/meta/structures/pirate-chamber1.json but it doesn't exist.
2025-03-12 22:04:07,046 [Server thread] WARN Treasure2 | TreasureMetaManager.java:235 | expected to find meta treasure2:structures/sunken-ship1.json at ./world/datapacks/treasure2/data/treasure2/meta/structures/sunken-ship1.json but it doesn't exist.
2025-03-12 22:04:07,046 [Server thread] WARN Treasure2 | TreasureMetaManager.java:235 | expected to find meta treasure2:structures/sunken-ship2.json at ./world/datapacks/treasure2/data/treasure2/meta/structures/sunken-ship2.json but it doesn't exist.
2025-03-12 22:04:07,047 [Server thread] WARN Treasure2 | TreasureMetaManager.java:235 | expected to find meta treasure2:structures/sunken-ship3.json at ./world/datapacks/treasure2/data/treasure2/meta/structures/sunken-ship3.json but it doesn't exist.
2025-03-12 22:04:07,047 [Server thread] WARN Treasure2 | TreasureMetaManager.java:235 | expected to find meta treasure2:structures/tower1.json at ./world/datapacks/treasure2/data/treasure2/meta/structures/tower1.json but it doesn't exist.
2025-03-12 22:04:07,048 [Server thread] WARN Treasure2 | TreasureMetaManager.java:235 | expected to find meta treasure2:structures/tower2.json at ./world/datapacks/treasure2/data/treasure2/meta/structures/tower2.json but it doesn't exist.
2025-03-12 22:04:07,051 [Server thread] WARN Treasure2 | TreasureMetaManager.java:235 | expected to find meta treasure2:structures/tower3.json at ./world/datapacks/treasure2/data/treasure2/meta/structures/tower3.json but it doesn't exist.
2025-03-12 22:04:07,052 [Server thread] WARN Treasure2 | TreasureMetaManager.java:235 | expected to find meta treasure2:structures/tower4.json at ./world/datapacks/treasure2/data/treasure2/meta/structures/tower4.json but it doesn't exist.
2025-03-12 22:04:07,052 [Server thread] WARN Treasure2 | TreasureMetaManager.java:235 | expected to find meta treasure2:structures/tower5.json at ./world/datapacks/treasure2/data/treasure2/meta/structures/tower5.json but it doesn't exist.
2025-03-12 22:04:07,053 [Server thread] WARN Treasure2 | TreasureMetaManager.java:235 | expected to find meta treasure2:structures/underwater-ruins1.json at ./world/datapacks/treasure2/data/treasure2/meta/structures/underwater-ruins1.json but it doesn't exist.
2025-03-12 22:04:07,053 [Server thread] WARN Treasure2 | TreasureMetaManager.java:235 | expected to find meta treasure2:structures/underwater-ruins2.json at ./world/datapacks/treasure2/data/treasure2/meta/structures/underwater-ruins2.json but it doesn't exist.
2025-03-12 22:04:07,053 [Server thread] WARN Treasure2 | TreasureMetaManager.java:235 | expected to find meta treasure2:structures/underwater-ruins3.json at ./world/datapacks/treasure2/data/treasure2/meta/structures/underwater-ruins3.json but it doesn't exist.
2025-03-12 22:04:07,054 [Server thread] WARN Treasure2 | TreasureMetaManager.java:235 | expected to find meta treasure2:structures/canopy-wishing-well1.json at ./world/datapacks/treasure2/data/treasure2/meta/structures/canopy-wishing-well1.json but it doesn't exist.
2025-03-12 22:04:07,054 [Server thread] WARN Treasure2 | TreasureMetaManager.java:235 | expected to find meta treasure2:structures/desert-wishing-well1.json at ./world/datapacks/treasure2/data/treasure2/meta/structures/desert-wishing-well1.json but it doesn't exist.
2025-03-12 22:04:07,054 [Server thread] WARN Treasure2 | TreasureMetaManager.java:235 | expected to find meta treasure2:structures/desert-wishing-well2.json at ./world/datapacks/treasure2/data/treasure2/meta/structures/desert-wishing-well2.json but it doesn't exist.
2025-03-12 22:04:07,055 [Server thread] WARN Treasure2 | TreasureMetaManager.java:235 | expected to find meta treasure2:structures/simple-well1.json at ./world/datapacks/treasure2/data/treasure2/meta/structures/simple-well1.json but it doesn't exist.
2025-03-12 22:04:07,055 [Server thread] WARN Treasure2 | TreasureMetaManager.java:235 | expected to find meta treasure2:structures/wood-draw-wishing-well1.json at ./world/datapacks/treasure2/data/treasure2/meta/structures/wood-draw-wishing-well1.json but it doesn't exist.
2025-03-12 22:04:07,056 [Server thread] INFO Treasure2 | ITreasureResourceRegistry.java:33 | reading resources file from stream.
2025-03-12 22:04:07,057 [Server thread] INFO Treasure2 | ITreasureResourceRegistry.java:54 | resources -> MetaResources [resources=[submerged/dingy1.nbt, submerged/sunken-ship1.nbt, submerged/sunken-ship2.nbt, submerged/sunken-ship3.nbt, submerged/underwater-ruins1.nbt, submerged/underwater-ruins2.nbt, submerged/underwater-ruins3.nbt, subterranean/basic1.nbt, subterranean/basic2.nbt, subterranean/basic3.nbt, subterranean/basic4.nbt, subterranean/basic5.nbt, subterranean/cave1.nbt, subterranean/cave2.nbt, subterranean/cobb1.nbt, subterranean/crypt1.nbt, subterranean/ionic1.nbt, subterranean/iron-chamber1.nbt, subterranean/iron-chamber2.nbt, subterranean/mine1.nbt, subterranean/obsidian-chamber1.nbt, subterranean/pirate-chamber1.nbt, surface/beached-ship1.nbt, surface/beached-ship2.nbt, surface/beached-ship3.nbt, surface/blacksmith1.nbt, surface/castle1.nbt, surface/church1.nbt, surface/crypt2.nbt, surface/crypt3.nbt, surface/desert-tower2.nbt, surface/fortress1.nbt, surface/house1.nbt, surface/large-tower1.nbt, surface/tower1.nbt, surface/tower2.nbt, surface/tower3.nbt, surface/tower4.nbt, surface/tower5.nbt, wells/canopy-wishing-well1.nbt, wells/desert-wishing-well1.nbt, wells/desert-wishing-well2.nbt, wells/simple-well1.nbt, wells/wood-draw-wishing-well1.nbt], resourceFolderLocations=[submerged, subterranean, surface, wells]]
2025-03-12 22:04:09,845 [Server thread] INFO Treasure2 | WorldEventHandler.java:58 | In world load event
2025-03-12 22:04:09,845 [Server thread] INFO Treasure2 | WorldEventHandler.java:66 | In world load event for dimension minecraft:the_nether
2025-03-12 22:04:09,854 [Server thread] INFO Treasure2 | WorldEventHandler.java:58 | In world load event
2025-03-12 22:04:09,855 [Server thread] INFO Treasure2 | WorldEventHandler.java:66 | In world load event for dimension minecraft:the_end
2025-03-12 22:04:33,974 [Worker-Main-4] INFO Treasure2 | WellGenerator.java:150 | CHEATER! Wishing Well at coords: 181 73 -379
2025-03-12 22:06:10,343 [Worker-Main-4] INFO Treasure2 | AbstractChestBlock.java:159 | AbstractChestBlock | createNewTileEntity | lockStates -> [LockState [slot=LockSlot [index=0, face=NORTH, xOffset=0.5, yOffset=0.3, zOffset=0.05, rotation=0.0], lockItem=null], LockState [slot=LockSlot [index=1, face=EAST, xOffset=0.95, yOffset=0.3, zOffset=0.5, rotation=90.0], lockItem=null], LockState [slot=LockSlot [index=2, face=WEST, xOffset=0.05, yOffset=0.3, zOffset=0.5, rotation=-90.0], lockItem=null]]
2025-03-12 22:06:10,343 [Worker-Main-4] INFO Treasure2 | AbstractChestBlock.java:164 | AbstractChestBlock | createNewTileEntity | tileEntity -> mod.gottsch.forge.treasure2.core.tileentity.WoodChestTileEntity@5a283640 @ BlockPos{x=0, y=0, z=0}
2025-03-12 22:06:10,351 [Worker-Main-4] INFO Treasure2 | SurfaceChestFeature.java:269 | CHEATER! COMMON chest at coords: 503 70 -489
2025-03-12 22:06:10,985 [Worker-Main-4] INFO Treasure2 | AbstractChestBlock.java:159 | AbstractChestBlock | createNewTileEntity | lockStates -> [LockState [slot=LockSlot [index=0, face=NORTH, xOffset=0.5, yOffset=0.3, zOffset=0.05, rotation=0.0], lockItem=null], LockState [slot=LockSlot [index=1, face=EAST, xOffset=0.95, yOffset=0.3, zOffset=0.5, rotation=90.0], lockItem=null], LockState [slot=LockSlot [index=2, face=WEST, xOffset=0.05, yOffset=0.3, zOffset=0.5, rotation=-90.0], lockItem=null]]
2025-03-12 22:06:10,985 [Worker-Main-4] INFO Treasure2 | AbstractChestBlock.java:164 | AbstractChestBlock | createNewTileEntity | tileEntity -> mod.gottsch.forge.treasure2.core.tileentity.WoodChestTileEntity@1c472e0b @ BlockPos{x=0, y=0, z=0}
2025-03-12 22:06:10,989 [Worker-Main-4] INFO Treasure2 | SurfaceChestFeature.java:269 | CHEATER! COMMON chest at coords: 263 67 -569
2025-03-12 22:08:15,588 [Worker-Main-6] INFO Treasure2 | AbstractChestBlock.java:159 | AbstractChestBlock | createNewTileEntity | lockStates -> [LockState [slot=LockSlot [index=0, face=NORTH, xOffset=0.5, yOffset=0.3, zOffset=0.05, rotation=0.0], lockItem=null], LockState [slot=LockSlot [index=1, face=EAST, xOffset=0.95, yOffset=0.3, zOffset=0.5, rotation=90.0], lockItem=null], LockState [slot=LockSlot [index=2, face=WEST, xOffset=0.05, yOffset=0.3, zOffset=0.5, rotation=-90.0], lockItem=null]]
2025-03-12 22:08:15,588 [Worker-Main-6] INFO Treasure2 | AbstractChestBlock.java:164 | AbstractChestBlock | createNewTileEntity | tileEntity -> mod.gottsch.forge.treasure2.core.tileentity.IronboundChestTileEntity@7863ec32 @ BlockPos{x=0, y=0, z=0}
2025-03-12 22:08:15,590 [Worker-Main-6] INFO Treasure2 | SurfaceChestFeature.java:269 | CHEATER! UNCOMMON chest at coords: 55 65 -569
2025-03-12 22:29:20,003 [Worker-Main-6] INFO Treasure2 | AbstractChestBlock.java:159 | AbstractChestBlock | createNewTileEntity | lockStates -> [LockState [slot=LockSlot [index=0, face=EAST, xOffset=0.72, yOffset=0.18, zOffset=0.5, rotation=90.0], lockItem=null]]
2025-03-12 22:29:20,003 [Worker-Main-6] INFO Treasure2 | AbstractChestBlock.java:164 | AbstractChestBlock | createNewTileEntity | tileEntity -> mod.gottsch.forge.treasure2.core.tileentity.SkullChestTileEntity@131bd22 @ BlockPos{x=0, y=0, z=0}
2025-03-12 22:29:20,008 [Worker-Main-6] INFO Treasure2 | SurfaceChestFeature.java:269 | CHEATER! SCARCE chest at coords: 471 98 -713
2025-03-12 22:29:24,228 [Worker-Main-4] INFO Treasure2 | AbstractChestBlock.java:159 | AbstractChestBlock | createNewTileEntity | lockStates -> [LockState [slot=LockSlot [index=0, face=NORTH, xOffset=0.5, yOffset=0.55, zOffset=0.17, rotation=0.0], lockItem=null]]
2025-03-12 22:29:24,228 [Worker-Main-4] INFO Treasure2 | AbstractChestBlock.java:164 | AbstractChestBlock | createNewTileEntity | tileEntity -> mod.gottsch.forge.treasure2.core.tileentity.VikingChestTileEntity@656ce687 @ BlockPos{x=0, y=0, z=0}
2025-03-12 22:29:24,232 [Worker-Main-4] INFO Treasure2 | SurfaceChestFeature.java:269 | CHEATER! UNCOMMON chest at coords: 231 88 -777
